TN:
SF:src\constants\routes.js
FN:13,(anonymous_0)
FNF:1
FNH:1
FNDA:34,(anonymous_0)
DA:6,6
DA:13,6
DA:14,34
DA:16,7
DA:18,11
DA:20,1
DA:22,14
DA:24,1
LF:8
LH:8
BRDA:14,0,0,7
BRDA:14,0,1,11
BRDA:14,0,2,1
BRDA:14,0,3,14
BRDA:14,0,4,1
BRF:5
BRH:5
end_of_record
TN:
SF:src\constants\usersTest.js
FNF:0
FNH:0
LF:0
LH:0
BRF:0
BRH:0
end_of_record
TN:
SF:src\containers\Bills.js
FN:6,(anonymous_0)
FN:13,(anonymous_1)
FN:14,(anonymous_2)
FN:19,(anonymous_3)
FN:23,(anonymous_4)
FN:30,(anonymous_5)
FN:35,(anonymous_6)
FN:39,(anonymous_7)
FN:40,(anonymous_8)
FNF:9
FNH:8
FNDA:6,(anonymous_0)
FNDA:20,(anonymous_1)
FNDA:0,(anonymous_2)
FNDA:1,(anonymous_3)
FNDA:8,(anonymous_4)
FNDA:6,(anonymous_5)
FNDA:3,(anonymous_6)
FNDA:13,(anonymous_7)
FNDA:10,(anonymous_8)
DA:7,6
DA:8,6
DA:9,6
DA:10,6
DA:11,6
DA:12,6
DA:13,6
DA:14,20
DA:16,6
DA:19,6
DA:20,1
DA:23,6
DA:24,8
DA:25,8
DA:26,8
DA:27,8
DA:30,6
DA:31,6
DA:32,6
DA:36,3
DA:39,13
DA:41,10
DA:42,10
DA:50,1
DA:51,1
DA:59,3
LF:26
LH:26
BRDA:11,0,0,5
BRDA:11,0,1,1
BRDA:13,1,0,6
BRDA:13,1,1,0
BRDA:31,2,0,6
BRDA:31,2,1,0
BRF:6
BRH:4
end_of_record
TN:
SF:src\containers\Dashboard.js
FN:8,(anonymous_0)
FN:10,(anonymous_1)
FN:30,(anonymous_2)
FN:55,(anonymous_3)
FN:56,(anonymous_4)
FN:59,(anonymous_5)
FN:71,(anonymous_6)
FN:75,(anonymous_7)
FN:76,(anonymous_8)
FN:77,(anonymous_9)
FN:81,(anonymous_10)
FN:88,(anonymous_11)
FN:94,(anonymous_12)
FN:111,(anonymous_13)
FN:112,(anonymous_14)
FN:115,(anonymous_15)
FN:125,(anonymous_16)
FN:135,(anonymous_17)
FN:154,(anonymous_18)
FN:157,(anonymous_19)
FN:164,(anonymous_20)
FN:169,(anonymous_21)
FN:171,(anonymous_22)
FN:179,(anonymous_23)
FNF:24
FNH:19
FNDA:50,(anonymous_0)
FNDA:104,(anonymous_1)
FNDA:6,(anonymous_2)
FNDA:6,(anonymous_3)
FNDA:6,(anonymous_4)
FNDA:5,(anonymous_5)
FNDA:14,(anonymous_6)
FNDA:0,(anonymous_7)
FNDA:0,(anonymous_8)
FNDA:0,(anonymous_9)
FNDA:1,(anonymous_10)
FNDA:3,(anonymous_11)
FNDA:8,(anonymous_12)
FNDA:0,(anonymous_13)
FNDA:0,(anonymous_14)
FNDA:1,(anonymous_15)
FNDA:1,(anonymous_16)
FNDA:5,(anonymous_17)
FNDA:20,(anonymous_18)
FNDA:3,(anonymous_19)
FNDA:5,(anonymous_20)
FNDA:3,(anonymous_21)
FNDA:12,(anonymous_22)
FNDA:2,(anonymous_23)
DA:8,6
DA:9,50
DA:14,104
DA:15,104
DA:20,0
DA:21,0
DA:26,104
DA:30,6
DA:31,6
DA:32,6
DA:34,6
DA:37,6
DA:55,6
DA:56,6
DA:59,6
DA:60,5
DA:62,3
DA:64,1
DA:66,1
DA:72,14
DA:73,14
DA:74,14
DA:75,14
DA:76,14
DA:77,14
DA:78,14
DA:81,14
DA:82,1
DA:83,1
DA:84,1
DA:85,1
DA:89,3
DA:91,3
DA:92,3
DA:93,3
DA:94,2
DA:95,8
DA:97,2
DA:98,2
DA:99,2
DA:100,2
DA:102,1
DA:104,1
DA:107,1
DA:108,1
DA:110,3
DA:111,3
DA:112,3
DA:115,14
DA:116,1
DA:121,1
DA:122,1
DA:125,14
DA:126,1
DA:131,1
DA:132,1
DA:136,5
DA:137,5
DA:138,5
DA:139,5
DA:140,5
DA:141,5
DA:143,5
DA:145,0
DA:146,0
DA:148,0
DA:151,5
DA:154,5
DA:155,20
DA:156,20
DA:157,20
DA:160,5
DA:164,14
DA:165,5
DA:166,5
DA:170,3
DA:171,12
DA:177,3
DA:180,2
LF:79
LH:74
BRDA:9,0,0,26
BRDA:9,0,1,24
BRDA:9,1,0,50
BRDA:9,1,1,26
BRDA:14,2,0,104
BRDA:14,2,1,0
BRDA:22,3,0,0
BRDA:22,3,1,0
BRDA:32,4,0,0
BRDA:32,4,1,6
BRDA:34,5,0,0
BRDA:34,5,1,6
BRDA:56,6,0,5
BRDA:56,6,1,1
BRDA:56,7,0,6
BRDA:56,7,1,6
BRDA:60,8,0,3
BRDA:60,8,1,1
BRDA:60,8,2,1
BRDA:85,9,0,0
BRDA:85,9,1,1
BRDA:91,10,0,2
BRDA:91,10,1,1
BRDA:91,11,0,3
BRDA:91,11,1,3
BRDA:92,12,0,2
BRDA:92,12,1,1
BRDA:92,13,0,3
BRDA:92,13,1,1
BRDA:93,14,0,2
BRDA:93,14,1,1
BRDA:137,15,0,5
BRDA:137,15,1,0
BRDA:137,16,0,5
BRDA:137,16,1,2
BRDA:138,17,0,5
BRDA:138,17,1,0
BRDA:138,18,0,5
BRDA:138,18,1,2
BRDA:139,19,0,5
BRDA:139,19,1,0
BRDA:165,20,0,5
BRDA:165,20,1,0
BRF:43
BRH:33
end_of_record
TN:
SF:src\containers\Login.js
FN:7,(anonymous_0)
FN:18,(anonymous_1)
FN:29,(anonymous_2)
FN:31,(anonymous_3)
FN:41,(anonymous_4)
FN:52,(anonymous_5)
FN:54,(anonymous_6)
FNF:7
FNH:7
FNDA:6,(anonymous_0)
FNDA:4,(anonymous_1)
FNDA:2,(anonymous_2)
FNDA:4,(anonymous_3)
FNDA:4,(anonymous_4)
FNDA:2,(anonymous_5)
FNDA:4,(anonymous_6)
DA:3,3
DA:8,6
DA:9,6
DA:10,6
DA:11,6
DA:12,6
DA:13,6
DA:14,6
DA:15,6
DA:16,6
DA:18,6
DA:19,4
DA:20,4
DA:26,4
DA:27,4
DA:29,2
DA:32,4
DA:33,4
DA:34,4
DA:35,4
DA:41,6
DA:42,4
DA:43,4
DA:49,4
DA:50,4
DA:52,2
DA:55,4
DA:56,4
DA:57,4
DA:58,4
LF:30
LH:30
BRF:0
BRH:0
end_of_record
TN:
SF:src\containers\Logout.js
FN:4,(anonymous_0)
FN:11,(anonymous_1)
FNF:2
FNH:2
FNDA:34,(anonymous_0)
FNDA:2,(anonymous_1)
DA:5,34
DA:6,34
DA:7,34
DA:8,34
DA:11,34
DA:12,2
DA:13,2
LF:7
LH:7
BRF:0
BRH:0
end_of_record
TN:
SF:src\containers\NewBill.js
FN:5,(anonymous_0)
FN:18,(anonymous_1)
FN:43,(anonymous_2)
FN:48,(anonymous_3)
FN:51,(anonymous_4)
FNF:5
FNH:4
FNDA:13,(anonymous_0)
FNDA:3,(anonymous_1)
FNDA:1,(anonymous_2)
FNDA:0,(anonymous_3)
FNDA:2,(anonymous_4)
DA:6,13
DA:7,13
DA:8,13
DA:9,13
DA:10,13
DA:11,13
DA:12,13
DA:13,13
DA:14,13
DA:15,13
DA:16,13
DA:18,13
DA:19,3
DA:20,3
DA:21,3
DA:22,3
DA:23,3
DA:24,3
DA:25,3
DA:28,3
DA:29,1
DA:30,1
DA:32,1
DA:33,1
DA:35,1
DA:44,1
DA:45,1
DA:46,1
DA:47,1
DA:48,0
DA:51,13
DA:52,2
DA:53,2
DA:54,2
DA:55,2
DA:68,2
DA:69,2
LF:37
LH:36
BRDA:28,0,0,1
BRDA:28,0,1,2
BRDA:28,1,0,3
BRDA:28,1,1,3
BRDA:28,1,2,2
BRDA:62,2,0,2
BRDA:62,2,1,0
BRF:7
BRH:6
end_of_record
TN:
SF:src\views\Actions.js
FN:4,(anonymous_0)
FNF:1
FNH:1
FNDA:10,(anonymous_0)
DA:5,10
LF:1
LH:1
BRF:0
BRH:0
end_of_record
TN:
SF:src\views\BillsUI.js
FN:7,(anonymous_0)
FN:22,(anonymous_1)
FN:24,(anonymous_2)
FN:25,(anonymous_3)
FN:29,(anonymous_4)
FN:31,(anonymous_5)
FNF:6
FNH:6
FNDA:8,(anonymous_0)
FNDA:11,(anonymous_1)
FNDA:9,(anonymous_2)
FNDA:8,(anonymous_3)
FNDA:15,(anonymous_4)
FNDA:11,(anonymous_5)
DA:7,6
DA:8,8
DA:22,6
DA:23,11
DA:24,9
DA:25,8
DA:31,15
DA:48,15
DA:49,1
DA:50,14
DA:51,3
DA:54,11
LF:12
LH:12
BRDA:23,0,0,2
BRDA:23,0,1,9
BRDA:23,1,0,11
BRDA:23,1,1,3
BRDA:48,2,0,1
BRDA:48,2,1,14
BRDA:50,3,0,3
BRDA:50,3,1,11
BRF:8
BRH:8
end_of_record
TN:
SF:src\views\DashboardFormUI.js
FN:7,(anonymous_0)
FN:24,(anonymous_1)
FNF:2
FNH:2
FNDA:9,(anonymous_0)
FNDA:9,(anonymous_1)
DA:7,9
DA:26,9
LF:2
LH:2
BRDA:79,0,0,6
BRDA:79,0,1,3
BRDA:92,1,0,6
BRDA:92,1,1,3
BRF:4
BRH:4
end_of_record
TN:
SF:src\views\DashboardUI.js
FN:8,(anonymous_0)
FNF:1
FNH:1
FNDA:23,(anonymous_0)
DA:10,23
DA:11,6
DA:12,17
DA:13,3
DA:16,14
LF:5
LH:5
BRDA:10,0,0,6
BRDA:10,0,1,17
BRDA:12,1,0,3
BRDA:12,1,1,14
BRDA:22,2,0,14
BRDA:22,2,1,7
BRDA:29,3,0,14
BRDA:29,3,1,7
BRDA:36,4,0,14
BRDA:36,4,1,7
BRF:10
BRH:10
end_of_record
TN:
SF:src\views\ErrorPage.js
FN:3,(anonymous_0)
FNF:1
FNH:1
FNDA:8,(anonymous_0)
DA:4,8
LF:1
LH:1
BRDA:12,0,0,7
BRDA:12,0,1,1
BRF:2
BRH:2
end_of_record
TN:
SF:src\views\LoadingPage.js
FN:3,(anonymous_0)
FNF:1
FNH:1
FNDA:8,(anonymous_0)
DA:5,8
LF:1
LH:1
BRF:0
BRH:0
end_of_record
TN:
SF:src\views\LoginUI.js
FN:2,(anonymous_0)
FNF:1
FNH:1
FNDA:16,(anonymous_0)
DA:4,16
LF:1
LH:1
BRF:0
BRH:0
end_of_record
TN:
SF:src\views\NewBillUI.js
FN:3,(anonymous_0)
FNF:1
FNH:1
FNDA:10,(anonymous_0)
DA:5,10
LF:1
LH:1
BRF:0
BRH:0
end_of_record
TN:
SF:src\views\VerticalLayout.js
FN:5,(anonymous_0)
FNF:1
FNH:1
FNDA:52,(anonymous_0)
DA:7,52
DA:8,52
DA:9,20
DA:11,52
DA:12,4
DA:29,48
LF:6
LH:6
BRDA:8,0,0,20
BRDA:8,0,1,32
BRDA:11,1,0,4
BRDA:11,1,1,48
BRDA:11,2,0,52
BRDA:11,2,1,34
BRF:6
BRH:6
end_of_record
